<?xml version="1.0" encoding="UTF-8"?>
<robot generator="Robot 4.0 (Python 3.8.2 on win32)" generated="20210318 15:40:41.814" rpa="false" schemaversion="2">
<suite id="s1" name="NewRobotProj" source="C:\Users\unbxd\eclipse-workspace\NewRobotProj">
<suite id="s1-s1" name="Test" source="C:\Users\unbxd\eclipse-workspace\NewRobotProj\test">
<suite id="s1-s1-s1" name="sanityTest" source="C:\Users\unbxd\eclipse-workspace\NewRobotProj\test\sanityTest.robot">
<test id="s1-s1-s1-t1" name="Search Operation">
<kw name="Open Browser" library="SeleniumLibrary">
<arg>${ROOT}</arg>
<arg>${BROWSER}</arg>
<doc>Opens a new browser instance to the optional ``url``.</doc>
<msg timestamp="20210318 15:40:42.242" level="INFO">Opening browser 'chrome' to base url 'https://ry85d.csb.app/'.</msg>
<status status="PASS" starttime="20210318 15:40:42.242" endtime="20210318 15:40:48.793"/>
</kw>
<kw name="Set Browser Implicit Wait" library="SeleniumLibrary">
<arg>${wait time}</arg>
<doc>Sets the implicit wait value used by Selenium.</doc>
<status status="PASS" starttime="20210318 15:40:48.795" endtime="20210318 15:40:48.800"/>
</kw>
<kw name="Input Text" library="SeleniumLibrary">
<arg>${search Box}</arg>
<arg>${Search Query}</arg>
<doc>Types the given ``text`` into the text field identified by ``locator``.</doc>
<msg timestamp="20210318 15:40:48.802" level="INFO">Typing text 'Top' into text field 'class=UNX-searchbox__input'.</msg>
<status status="PASS" starttime="20210318 15:40:48.801" endtime="20210318 15:40:50.675"/>
</kw>
<kw name="Click Button" library="SeleniumLibrary">
<arg>${search icon}</arg>
<doc>Clicks the button identified by ``locator``.</doc>
<msg timestamp="20210318 15:40:50.676" level="INFO">Clicking button 'class=UNX-searchbox__button'.</msg>
<status status="PASS" starttime="20210318 15:40:50.676" endtime="20210318 15:40:51.799"/>
</kw>
<kw name="Close Browser" library="SeleniumLibrary">
<doc>Closes the current browser.</doc>
<status status="PASS" starttime="20210318 15:40:51.799" endtime="20210318 15:40:53.995"/>
</kw>
<status status="PASS" starttime="20210318 15:40:42.240" endtime="20210318 15:40:53.996"/>
</test>
<status status="PASS" starttime="20210318 15:40:41.922" endtime="20210318 15:40:54.001"/>
</suite>
<status status="PASS" starttime="20210318 15:40:41.914" endtime="20210318 15:40:54.008"/>
</suite>
<status status="PASS" starttime="20210318 15:40:41.850" endtime="20210318 15:40:54.014"/>
</suite>
<statistics>
<total>
<stat pass="1" fail="0" skip="0">All Tests</stat>
</total>
<tag>
</tag>
<suite>
<stat pass="1" fail="0" skip="0" id="s1" name="NewRobotProj">NewRobotProj</stat>
<stat pass="1" fail="0" skip="0" id="s1-s1" name="Test">NewRobotProj.Test</stat>
<stat pass="1" fail="0" skip="0" id="s1-s1-s1" name="sanityTest">NewRobotProj.Test.sanityTest</stat>
</suite>
</statistics>
<errors>
</errors>
</robot>
